Tmp tmp folder does not exist or is not a directory.
kmermatcher DB tmp/9017641515013726340/pref --sub-mat nucl:nucleotide.out,aa:blosum62.out --alph-size nucl:5,aa:13 --min-seq-id 0.4 --kmer-per-seq 21 --spaced-kmer-mode 0 --kmer-per-seq-scale nucl:0.200,aa:0.000 --adjust-kmer-len 0 --mask 0 --mask-lower-case 0 --cov-mode 1 -k 0 -c 0.7 --max-seq-len 65535 --hash-shift 67 --split-memory-limit 0 --include-only-extendable 0 --ignore-multi-kmer 0 --threads 24 --compressed 0 -v 3 

kmermatcher DB tmp/9017641515013726340/pref --sub-mat nucl:nucleotide.out,aa:blosum62.out --alph-size nucl:5,aa:13 --min-seq-id 0.4 --kmer-per-seq 21 --spaced-kmer-mode 0 --kmer-per-seq-scale nucl:0.200,aa:0.000 --adjust-kmer-len 0 --mask 0 --mask-lower-case 0 --cov-mode 1 -k 0 -c 0.7 --max-seq-len 65535 --hash-shift 67 --split-memory-limit 0 --include-only-extendable 0 --ignore-multi-kmer 0 --threads 24 --compressed 0 -v 3 

Database size: 63751597 type: Aminoacid
Reduced amino acid alphabet: (A S T) (C) (D B N) (E Q Z) (F Y) (G) (H) (I V) (K R) (L J M) (P) (W) (X) 

Generate k-mers list for 1 split
[=================================================================] 63.75M 4m 36s 245ms
Sort kmer 0h 0m 21s 133ms
Sort by rep. sequence 0h 0m 11s 276ms
Time for fill: 0h 0m 57s 237ms
Time for merging to pref: 0h 0m 0s 50ms
Time for processing: 0h 7m 14s 701ms
rescorediagonal DB DB tmp/9017641515013726340/pref tmp/9017641515013726340/pref_rescore1 --sub-mat nucl:nucleotide.out,aa:blosum62.out --rescore-mode 0 --wrapped-scoring 0 --filter-hits 0 -e 0.001 -c 0.7 -a 0 --cov-mode 1 --min-seq-id 0.5 --min-aln-len 0 --seq-id-mode 0 --add-self-matches 0 --sort-results 0 --db-load-mode 0 --threads 24 --compressed 0 -v 3 

[=================================================================] 63.75M 28m 35s 345ms
Time for merging to pref_rescore1: 0h 0m 38s 789ms
Time for processing: 0h 30m 42s 997ms
clust DB tmp/9017641515013726340/pref_rescore1 tmp/9017641515013726340/pre_clust --cluster-mode 2 --max-iterations 1000 --similarity-type 2 --threads 24 --compressed 0 -v 3 

Clustering mode: Greedy
Total time: 0h 0m 59s 71ms

Size of the sequence database: 63751597
Size of the alignment database: 63751597
Number of clusters: 21455435

Writing results 0h 0m 5s 711ms
Time for merging to pre_clust: 0h 0m 0s 4ms
Time for processing: 0h 2m 4s 583ms
createsubdb tmp/9017641515013726340/order_redundancy DB tmp/9017641515013726340/input_step_redundancy -v 3 --subdb-mode 1 

Time for merging to input_step_redundancy: 0h 0m 0s 123ms
Time for processing: 0h 0m 10s 194ms
createsubdb tmp/9017641515013726340/order_redundancy tmp/9017641515013726340/pref tmp/9017641515013726340/pref_filter1 -v 3 --subdb-mode 1 

Time for merging to pref_filter1: 0h 0m 0s 108ms
Time for processing: 0h 0m 20s 747ms
filterdb tmp/9017641515013726340/pref_filter1 tmp/9017641515013726340/pref_filter2 --filter-file tmp/9017641515013726340/order_redundancy --threads 24 --compressed 0 -v 3 

Filtering using file(s)
[=================================================================] 21.46M 3m 50s 659ms
Time for merging to pref_filter2: 0h 0m 12s 222ms
Time for processing: 0h 4m 20s 240ms
rescorediagonal tmp/9017641515013726340/input_step_redundancy tmp/9017641515013726340/input_step_redundancy tmp/9017641515013726340/pref_filter2 tmp/9017641515013726340/pref_rescore2 --sub-mat nucl:nucleotide.out,aa:blosum62.out --rescore-mode 1 --wrapped-scoring 0 --filter-hits 1 -e 0.001 -c 0.7 -a 0 --cov-mode 1 --min-seq-id 0.4 --min-aln-len 0 --seq-id-mode 0 --add-self-matches 0 --sort-results 0 --db-load-mode 0 --threads 24 --compressed 0 -v 3 

[=================================================================] 21.46M 7m 6s 510ms
Time for merging to pref_rescore2: 0h 0m 12s 582ms
Time for processing: 0h 7m 54s 864ms
align tmp/9017641515013726340/input_step_redundancy tmp/9017641515013726340/input_step_redundancy tmp/9017641515013726340/pref_rescore2 tmp/9017641515013726340/aln --sub-mat nucl:nucleotide.out,aa:blosum62.out -a 0 --alignment-mode 2 --wrapped-scoring 0 -e 0.001 --min-seq-id 0.4 --min-aln-len 0 --seq-id-mode 0 --alt-ali 0 -c 0.7 --cov-mode 1 --max-seq-len 65535 --comp-bias-corr 1 --realign 0 --max-rejected 2147483647 --max-accept 2147483647 --add-self-matches 0 --db-load-mode 0 --pca 1 --pcb 1.5 --score-bias 0 --gap-open nucl:5,aa:11 --gap-extend nucl:2,aa:1 --zdrop 40 --threads 24 --compressed 0 -v 3 

Compute score and coverage
Query database size: 21455435 type: Aminoacid
Target database size: 21455435 type: Aminoacid
Calculation of alignments
[=================================================================] 21.46M 14m 23s 782ms
Time for merging to aln: 0h 0m 20s 378ms

79856167 alignments calculated.
43698185 sequence pairs passed the thresholds (0.547211 of overall calculated).
2.036695 hits per query sequence.
Time for processing: 0h 15m 30s 652ms
clust tmp/9017641515013726340/input_step_redundancy tmp/9017641515013726340/aln tmp/9017641515013726340/clust --cluster-mode 2 --max-iterations 1000 --similarity-type 2 --threads 24 --compressed 0 -v 3 

Clustering mode: Greedy
Total time: 0h 0m 25s 202ms

Size of the sequence database: 21455435
Size of the alignment database: 21455435
Number of clusters: 13139838

Writing results 0h 0m 3s 239ms
Time for merging to clust: 0h 0m 0s 7ms
Time for processing: 0h 0m 55s 97ms
mergeclusters DB DB_clu tmp/9017641515013726340/pre_clust tmp/9017641515013726340/clust --threads 24 --compressed 0 -v 3 

Clustering step 1
[=================================================================] 21.46M 26s 131ms
Clustering step 2
[=================================================================] 13.14M 34s 407ms
Write merged clustering
[=================================================================] 63.75M 41s 971ms
Time for merging to DB_clu: 0h 0m 6s 235ms
Time for processing: 0h 1m 55s 505ms
